#
# There is insufficient memory for the Java Runtime Environment to continue.
# Native memory allocation (malloc) failed to allocate 1048576 bytes for AllocateHeap
# Possible reasons:
#   The system is out of physical RAM or swap space
#   The process is running with CompressedOops enabled, and the Java Heap may be blocking the growth of the native heap
# Possible solutions:
#   Reduce memory load on the system
#   Increase physical memory or swap space
#   Check if swap backing store is full
#   Decrease Java heap size (-Xmx/-Xms)
#   Decrease number of Java threads
#   Decrease Java thread stack sizes (-Xss)
#   Set larger code cache with -XX:ReservedCodeCacheSize=
#   JVM is running with Zero Based Compressed Oops mode in which the Java heap is
#     placed in the first 32GB address space. The Java Heap base address is the
#     maximum limit for the native heap growth. Please use -XX:HeapBaseMinAddress
#     to set the Java Heap base and to place the Java Heap above 32GB virtual address.
# This output file may be truncated or incomplete.
#
#  Out of Memory Error (memory/allocation.inline.hpp:61), pid=9240, tid=0x00000000000024e0
#
# JRE version:  (8.0_251-b08) (build )
# Java VM: Java HotSpot(TM) 64-Bit Server VM (25.251-b08 mixed mode windows-amd64 compressed oops)
# Failed to write core dump. Minidumps are not enabled by default on client versions of Windows
#

---------------  T H R E A D  ---------------

Current thread (0x0000000003762800):  JavaThread "Unknown thread" [_thread_in_vm, id=9440, stack(0x00000000030e0000,0x00000000031e0000)]

Stack: [0x00000000030e0000,0x00000000031e0000]
[error occurred during error reporting (printing stack bounds), id 0xc0000005]

Native frames: (J=compiled Java code, j=interpreted, Vv=VM code, C=native code)


---------------  P R O C E S S  ---------------

Java Threads: ( => current thread )

Other Threads:

=>0x0000000003762800 (exited) JavaThread "Unknown thread" [_thread_in_vm, id=9440, stack(0x00000000030e0000,0x00000000031e0000)]

VM state:not at safepoint (normal execution)

VM Mutex/Monitor currently owned by a thread: None

heap address: 0x00000006c1e00000, size: 4066 MB, Compressed Oops mode: Zero based, Oop shift amount: 3
Narrow klass base: 0x0000000000000000, Narrow klass shift: 3
Compressed class space size: 1073741824 Address: 0x00000007c0000000

Heap:
 PSYoungGen      total 76288K, used 1310K [0x000000076b500000, 0x0000000770a00000, 0x00000007c0000000)
  eden space 65536K, 2% used [0x000000076b500000,0x000000076b647af0,0x000000076f500000)
  from space 10752K, 0% used [0x000000076ff80000,0x000000076ff80000,0x0000000770a00000)
  to   space 10752K, 0% used [0x000000076f500000,0x000000076f500000,0x000000076ff80000)
 ParOldGen       total 175104K, used 0K [0x00000006c1e00000, 0x00000006cc900000, 0x000000076b500000)
  object space 175104K, 0% used [0x00000006c1e00000,0x00000006c1e00000,0x00000006cc900000)
 Metaspace       used 763K, capacity 4480K, committed 4480K, reserved 1056768K
  class space    used 76K, capacity 384K, committed 384K, reserved 1048576K

Card table byte_map: [0x0000000012c20000,0x0000000013420000] byte_map_base: 0x000000000f611000

Marking Bits: (ParMarkBitMap*) 0x00000000554faf90
 Begin Bits: [0x0000000014370000, 0x00000000182f8000)
 End Bits:   [0x00000000182f8000, 0x000000001c280000)

Polling page: 0x00000000013e0000

CodeCache: size=245760Kb used=328Kb max_used=328Kb free=245431Kb
 bounds [0x0000000003860000, 0x0000000003ad0000, 0x0000000012860000]
 total_blobs=58 nmethods=0 adapters=38
 compilation: enabled

Compilation events (0 events):
No events

GC Heap History (0 events):
No events

Deoptimization events (0 events):
No events

Classes redefined (0 events):
No events

Internal exceptions (0 events):
No events

Events (10 events):
Event: 0.017 loading class java/lang/Short
Event: 0.017 loading class java/lang/Short done
Event: 0.017 loading class java/lang/Integer
Event: 0.017 loading class java/lang/Integer done
Event: 0.017 loading class java/lang/Long
Event: 0.017 loading class java/lang/Long done
Event: 0.017 loading class java/lang/NullPointerException
Event: 0.017 loading class java/lang/NullPointerException done
Event: 0.017 loading class java/lang/ArithmeticException
Event: 0.017 loading class java/lang/ArithmeticException done


Dynamic libraries:
0x00007ff68bc70000 - 0x00007ff68bca7000 	C:\Program Files\Java\jre1.8.0_251\bin\javaw.exe
0x00007ff91e670000 - 0x00007ff91e85d000 	C:\Windows\SYSTEM32\ntdll.dll
0x00007ff91e480000 - 0x00007ff91e533000 	C:\Windows\System32\KERNEL32.DLL
0x00007ff91a8c0000 - 0x00007ff91ab55000 	C:\Windows\System32\KERNELBASE.dll
0x00007ff91e1a0000 - 0x00007ff91e243000 	C:\Windows\System32\ADVAPI32.dll
0x00007ff91e100000 - 0x00007ff91e19e000 	C:\Windows\System32\msvcrt.dll
0x00007ff91e250000 - 0x00007ff91e2ee000 	C:\Windows\System32\sechost.dll
0x00007ff91c250000 - 0x00007ff91c372000 	C:\Windows\System32\RPCRT4.dll
0x00007ff91c390000 - 0x00007ff91c527000 	C:\Windows\System32\USER32.dll
0x00007ff91b5e0000 - 0x00007ff91b600000 	C:\Windows\System32\win32u.dll
0x00007ff91caa0000 - 0x00007ff91cac9000 	C:\Windows\System32\GDI32.dll
0x00007ff91b6f0000 - 0x00007ff91b88a000 	C:\Windows\System32\gdi32full.dll
0x00007ff91b600000 - 0x00007ff91b6a0000 	C:\Windows\System32\msvcp_win.dll
0x00007ff91a730000 - 0x00007ff91a82a000 	C:\Windows\System32\ucrtbase.dll
0x00007ff909450000 - 0x00007ff9096c9000 	C:\Windows\WinSxS\amd64_microsoft.windows.common-controls_6595b64144ccf1df_6.0.17763.1282_none_de75b6f253473c0f\COMCTL32.dll
0x00007ff91bca0000 - 0x00007ff91bfcc000 	C:\Windows\System32\combase.dll
0x00007ff91ab60000 - 0x00007ff91abde000 	C:\Windows\System32\bcryptPrimitives.dll
0x00007ff91e610000 - 0x00007ff91e63e000 	C:\Windows\System32\IMM32.DLL
0x0000000054b10000 - 0x0000000054be2000 	C:\Program Files\Java\jre1.8.0_251\bin\msvcr100.dll
0x0000000054cd0000 - 0x000000005557b000 	C:\Program Files\Java\jre1.8.0_251\bin\server\jvm.dll
0x00007ff91c380000 - 0x00007ff91c388000 	C:\Windows\System32\PSAPI.DLL
0x00007ff9187c0000 - 0x00007ff9187e4000 	C:\Windows\SYSTEM32\WINMM.dll
0x00007ff90ccd0000 - 0x00007ff90ccd9000 	C:\Windows\SYSTEM32\WSOCK32.dll
0x00007ff90f060000 - 0x00007ff90f06a000 	C:\Windows\SYSTEM32\VERSION.dll
0x00007ff91ca30000 - 0x00007ff91ca9d000 	C:\Windows\System32\WS2_32.dll
0x00007ff918760000 - 0x00007ff91878d000 	C:\Windows\SYSTEM32\WINMMBASE.dll
0x00007ff91b6a0000 - 0x00007ff91b6ea000 	C:\Windows\System32\cfgmgr32.dll
0x00007ff9070e0000 - 0x00007ff9070ef000 	C:\Program Files\Java\jre1.8.0_251\bin\verify.dll
0x00007ff8fe220000 - 0x00007ff8fe249000 	C:\Program Files\Java\jre1.8.0_251\bin\java.dll
0x00007ff90d420000 - 0x00007ff90d455000 	C:\Program Files\Java\jre1.8.0_251\bin\jdwp.dll
0x00007ff90d410000 - 0x00007ff90d418000 	C:\Program Files\Java\jre1.8.0_251\bin\npt.dll
0x00007ff90d3e0000 - 0x00007ff90d403000 	C:\Program Files\Java\jre1.8.0_251\bin\instrument.dll
0x00007ff8fe200000 - 0x00007ff8fe216000 	C:\Program Files\Java\jre1.8.0_251\bin\zip.dll

VM Arguments:
jvm_args: -agentlib:jdwp=transport=dt_socket,suspend=y,address=localhost:54315 -javaagent:C:\spring\eclipse\configuration\org.eclipse.osgi\225\0\.cp\lib\javaagent-shaded.jar -Dfile.encoding=UTF-8 
java_command: blog.hyojin4588.blackjack.Game
java_class_path (initial): C:\spring\workspace01\JAVA_BLACKJACK\Game_BlackJack\bin;C:\spring\eclipse\configuration\org.eclipse.osgi\225\0\.cp\lib\javaagent-shaded.jar
Launcher Type: SUN_STANDARD

Environment Variables:
JAVA_HOME=C:\Program Files\Java\jdk1.8.0_251
CLASSPATH=C:\Program Files\Java\jdk1.8.0_251\lib
PATH=C:/Program Files/Java/jre1.8.0_251/bin/server;C:/Program Files/Java/jre1.8.0_251/bin;C:/Program Files/Java/jre1.8.0_251/lib/amd64;C:\app\Administrator\product\11.2.0\dbhome_1\bin;C:\Program Files (x86)\Common Files\Oracle\Java\javapath;C:\Windows\system32;C:\Windows;C:\Windows\System32\Wbem;C:\Windows\System32\WindowsPowerShell\v1.0\;C:\Windows\System32\OpenSSH\;C:\Program Files\dotnet\;C:\Program Files\ScmmrxClient\Shield\;C:\Users\Administrator\AppData\Local\Microsoft\WindowsApps;C:\Program Files\Bandizip\;C:\Program Files\Java\jdk1.8.0_251\bin;;C:\Users\Administrator\AppData\Local\Programs\Microsoft VS Code\bin;C:\spring\eclipse;
USERNAME=Administrator
OS=Windows_NT
PROCESSOR_IDENTIFIER=Intel64 Family 6 Model 158 Stepping 10, GenuineIntel



---------------  S Y S T E M  ---------------

OS: Windows 10.0 , 64 bit Build 17763 (10.0.17763.1158)

CPU:total 12 (initial active 12) (6 cores per cpu, 2 threads per core) family 6 model 158 stepping 10, cmov, cx8, fxsr, mmx, sse, sse2, sse3, ssse3, sse4.1, sse4.2, popcnt, avx, avx2, aes, clmul, erms, rtm, 3dnowpref, lzcnt, ht, tsc, tscinvbit, bmi1, bmi2, adx

Memory: 4k page, physical 16650164k(9070680k free), swap 16650164k(5592k free)

vm_info: Java HotSpot(TM) 64-Bit Server VM (25.251-b08) for windows-amd64 JRE (1.8.0_251-b08), built on Mar 12 2020 06:31:49 by "" with MS VC++ 10.0 (VS2010)

time: Tue Jul 07 10:59:50 2020
timezone: 대한민국 표준시
elapsed time: 0 seconds (0d 0h 0m 0s)

